<?xml version="1.0" encoding="UTF-8"?>
<!-- Generated by org.testng.reporters.JUnitReportReporter -->
<testsuite hostname="SSSLT025" failures="0" tests="1" name="allPages.Schedulers" time="18.209" errors="0" timestamp="2024-05-03T18:27:26 IST" skipped="0">
  <testcase classname="allPages.Schedulers" name="TC04" time="18.209"/>
</testsuite> <!-- allPages.Schedulers -->
