<?xml version="1.0" encoding="UTF-8"?>
<!-- Generated by org.testng.reporters.JUnitReportReporter -->
<testsuite hostname="SSSLT025" failures="0" tests="1" name="allPages.InvestorSetup" time="68.554" errors="0" timestamp="2024-04-30T14:33:49 IST" skipped="0">
  <testcase classname="allPages.InvestorSetup" name="TC23" time="68.554"/>
</testsuite> <!-- allPages.InvestorSetup -->
