<?xml version="1.0" encoding="UTF-8"?>
<!-- Generated by org.testng.reporters.JUnitReportReporter -->
<testsuite hostname="SSSLT025" failures="0" tests="4" name="allPages.Schedulers" time="84.872" errors="0" timestamp="2024-05-22T18:23:11 IST" skipped="0">
  <testcase classname="allPages.Schedulers" name="TC09" time="18.826"/>
  <testcase classname="allPages.Schedulers" name="TC13" time="20.346"/>
  <testcase classname="allPages.Schedulers" name="TC15" time="25.622"/>
  <testcase classname="allPages.Schedulers" name="TC18" time="20.078"/>
</testsuite> <!-- allPages.Schedulers -->
