<?xml version="1.0" encoding="UTF-8"?>
<!-- Generated by org.testng.reporters.JUnitReportReporter -->
<testsuite hostname="SSSLT025" failures="0" tests="1" name="allPages.CustomerGroup" time="12.591" errors="0" timestamp="2024-04-30T14:39:05 IST" skipped="0">
  <testcase classname="allPages.CustomerGroup" name="TC01" time="12.591"/>
</testsuite> <!-- allPages.CustomerGroup -->
