<?xml version="1.0" encoding="UTF-8"?>
<!-- Generated by org.testng.reporters.JUnitReportReporter -->
<testsuite hostname="SSSLT025" failures="0" tests="2" name="allPages.Tickets" time="63.675" errors="0" timestamp="2024-05-22T18:05:11 IST" skipped="1">
  <testcase classname="allPages.Tickets" name="TC07" time="19.165"/>
  <testcase classname="allPages.Tickets" name="TC07" time="44.510">
    <skipped/>
  </testcase> <!-- TC07 -->
</testsuite> <!-- allPages.Tickets -->
