<?xml version="1.0" encoding="UTF-8"?>
<!-- Generated by org.testng.reporters.JUnitReportReporter -->
<testsuite hostname="SSSLT025" failures="0" tests="1" name="allPages.Tickets" time="19.042" errors="0" timestamp="2024-05-06T16:36:28 IST" skipped="0">
  <testcase classname="allPages.Tickets" name="TC11" time="19.042"/>
</testsuite> <!-- allPages.Tickets -->
