<?xml version="1.0" encoding="UTF-8"?>
<!-- Generated by org.testng.reporters.JUnitReportReporter -->
<testsuite hostname="SSSLT025" failures="0" tests="1" name="allPages.InvoicePayAndCreate" time="18.810" errors="0" timestamp="2024-04-17T14:59:41 IST" skipped="0">
  <testcase classname="allPages.InvoicePayAndCreate" name="TC02" time="18.810"/>
</testsuite> <!-- allPages.InvoicePayAndCreate -->
