<?xml version="1.0" encoding="UTF-8"?>
<!-- Generated by org.testng.reporters.JUnitReportReporter -->
<testsuite hostname="SSSLT025" failures="0" tests="40" name="allPages.BankSetup" time="694.269" errors="0" timestamp="2024-04-16T15:41:25 IST" skipped="1">
  <testcase classname="allPages.BankSetup" name="AuthorizedNetClick" time="13.782"/>
  <testcase classname="allPages.BankSetup" name="UserLog" time="13.753"/>
  <testcase classname="allPages.BankSetup" name="BankSetupClick" time="10.925"/>
  <testcase classname="allPages.BankSetup" name="IPWhitelist" time="12.754"/>
  <testcase classname="allPages.BankSetup" name="ExceptionLog" time="13.619"/>
  <testcase classname="allPages.BankSetup" name="EventLog" time="15.444"/>
  <testcase classname="allPages.BankSetup" name="TC01" time="17.336"/>
  <testcase classname="allPages.BankSetup" name="TC02" time="16.375"/>
  <testcase classname="allPages.BankSetup" name="TC03" time="14.896"/>
  <testcase classname="allPages.BankSetup" name="TC04" time="16.394"/>
  <testcase classname="allPages.BankSetup" name="TC05" time="18.109"/>
  <testcase classname="allPages.BankSetup" name="TC06" time="22.965"/>
  <testcase classname="allPages.BankSetup" name="TC07" time="18.620"/>
  <testcase classname="allPages.BankSetup" name="TC08" time="21.152"/>
  <testcase classname="allPages.BankSetup" name="TC09" time="14.916"/>
  <testcase classname="allPages.BankSetup" name="TC10" time="17.953"/>
  <testcase classname="allPages.BankSetup" name="TC11" time="19.854"/>
  <testcase classname="allPages.BankSetup" name="TC12" time="19.371"/>
  <testcase classname="allPages.BankSetup" name="TC13" time="16.955"/>
  <testcase classname="allPages.BankSetup" name="TC14" time="20.133"/>
  <testcase classname="allPages.BankSetup" name="TC15" time="17.028"/>
  <testcase classname="allPages.BankSetup" name="TC16" time="19.521"/>
  <testcase classname="allPages.BankSetup" name="TC17" time="16.556"/>
  <testcase classname="allPages.BankSetup" name="TC18" time="20.214"/>
  <testcase classname="allPages.BankSetup" name="TC19" time="17.487"/>
  <testcase classname="allPages.BankSetup" name="TC20" time="18.320"/>
  <testcase classname="allPages.BankSetup" name="TC21" time="16.541"/>
  <testcase classname="allPages.BankSetup" name="TC22" time="17.140"/>
  <testcase classname="allPages.BankSetup" name="TC23" time="21.813"/>
  <testcase classname="allPages.BankSetup" name="TC24" time="21.138"/>
  <testcase classname="allPages.BankSetup" name="TC25" time="16.900">
    <skipped/>
  </testcase> <!-- TC25 -->
  <testcase classname="allPages.BankSetup" name="TC25" time="16.278"/>
  <testcase classname="allPages.BankSetup" name="TC26" time="20.864"/>
  <testcase classname="allPages.BankSetup" name="TC27" time="15.383"/>
  <testcase classname="allPages.BankSetup" name="TC28" time="15.553"/>
  <testcase classname="allPages.BankSetup" name="TC29" time="16.285"/>
  <testcase classname="allPages.BankSetup" name="TC30" time="13.561"/>
  <testcase classname="allPages.BankSetup" name="TC31" time="19.511"/>
  <testcase classname="allPages.BankSetup" name="TC32" time="25.279"/>
  <testcase classname="allPages.BankSetup" name="TC33" time="13.591"/>
</testsuite> <!-- allPages.BankSetup -->
