<?xml version="1.0" encoding="UTF-8"?>
<!-- Generated by org.testng.reporters.JUnitReportReporter -->
<testsuite hostname="SSSLT025" failures="0" tests="1" name="allPages.CustomerGroup" time="8.089" errors="0" timestamp="2024-05-22T12:21:56 IST" skipped="0">
  <testcase classname="allPages.CustomerGroup" name="TC04" time="8.089"/>
</testsuite> <!-- allPages.CustomerGroup -->
