<?xml version="1.0" encoding="UTF-8"?>
<!-- Generated by org.testng.reporters.JUnitReportReporter -->
<testsuite hostname="SSSLT025" failures="0" tests="41" name="allPages.BankSetup" time="1052.916" errors="0" timestamp="2024-05-25T08:18:28 IST" skipped="2">
  <testcase classname="allPages.BankSetup" name="EventLog" time="19.255"/>
  <testcase classname="allPages.BankSetup" name="AuthorizedNetClick" time="16.821"/>
  <testcase classname="allPages.BankSetup" name="IPWhitelist" time="17.530"/>
  <testcase classname="allPages.BankSetup" name="ExceptionLog" time="16.683"/>
  <testcase classname="allPages.BankSetup" name="BankSetupClick" time="21.091"/>
  <testcase classname="allPages.BankSetup" name="UserLog" time="17.446"/>
  <testcase classname="allPages.BankSetup" name="TC01" time="27.674"/>
  <testcase classname="allPages.BankSetup" name="TC02" time="27.172"/>
  <testcase classname="allPages.BankSetup" name="TC03" time="24.377"/>
  <testcase classname="allPages.BankSetup" name="TC04" time="32.930"/>
  <testcase classname="allPages.BankSetup" name="TC05" time="44.747"/>
  <testcase classname="allPages.BankSetup" name="TC06" time="26.699"/>
  <testcase classname="allPages.BankSetup" name="TC07" time="28.146"/>
  <testcase classname="allPages.BankSetup" name="TC08" time="31.026"/>
  <testcase classname="allPages.BankSetup" name="TC09" time="23.939"/>
  <testcase classname="allPages.BankSetup" name="TC10" time="26.468"/>
  <testcase classname="allPages.BankSetup" name="TC11" time="29.452"/>
  <testcase classname="allPages.BankSetup" name="TC12" time="27.834"/>
  <testcase classname="allPages.BankSetup" name="TC13" time="28.420"/>
  <testcase classname="allPages.BankSetup" name="TC14" time="32.103"/>
  <testcase classname="allPages.BankSetup" name="TC15" time="20.114"/>
  <testcase classname="allPages.BankSetup" name="TC16" time="26.095"/>
  <testcase classname="allPages.BankSetup" name="TC17" time="21.400"/>
  <testcase classname="allPages.BankSetup" name="TC18" time="25.140"/>
  <testcase classname="allPages.BankSetup" name="TC19" time="23.273"/>
  <testcase classname="allPages.BankSetup" name="TC20" time="21.398"/>
  <testcase classname="allPages.BankSetup" name="TC21" time="19.127"/>
  <testcase classname="allPages.BankSetup" name="TC22" time="21.889"/>
  <testcase classname="allPages.BankSetup" name="TC23" time="31.511"/>
  <testcase classname="allPages.BankSetup" name="TC24" time="28.537"/>
  <testcase classname="allPages.BankSetup" name="TC25" time="23.239">
    <skipped/>
  </testcase> <!-- TC25 -->
  <testcase classname="allPages.BankSetup" name="TC25" time="19.644"/>
  <testcase classname="allPages.BankSetup" name="TC26" time="24.618"/>
  <testcase classname="allPages.BankSetup" name="TC27" time="20.705"/>
  <testcase classname="allPages.BankSetup" name="TC28" time="20.143"/>
  <testcase classname="allPages.BankSetup" name="TC29" time="25.085"/>
  <testcase classname="allPages.BankSetup" name="TC29" time="68.304">
    <skipped/>
  </testcase> <!-- TC29 -->
  <testcase classname="allPages.BankSetup" name="TC30" time="18.161"/>
  <testcase classname="allPages.BankSetup" name="TC31" time="22.602"/>
  <testcase classname="allPages.BankSetup" name="TC32" time="34.123"/>
  <testcase classname="allPages.BankSetup" name="TC33" time="17.995"/>
</testsuite> <!-- allPages.BankSetup -->
