<?xml version="1.0" encoding="UTF-8"?>
<!-- Generated by org.testng.reporters.JUnitReportReporter -->
<testsuite hostname="SSSLT025" failures="0" tests="2" name="allPages.CustomerACHUpload" time="50.829" errors="0" timestamp="2024-05-06T11:22:48 IST" skipped="1">
  <testcase classname="allPages.CustomerACHUpload" name="TC11" time="33.987">
    <skipped/>
  </testcase> <!-- TC11 -->
  <testcase classname="allPages.CustomerACHUpload" name="TC11" time="16.842"/>
</testsuite> <!-- allPages.CustomerACHUpload -->
