<?xml version="1.0" encoding="UTF-8"?>
<!-- Generated by org.testng.reporters.JUnitReportReporter -->
<testsuite hostname="SSSLT025" failures="0" tests="1" name="allPages.InvoicePayAndCreate" time="27.722" errors="0" timestamp="2024-05-23T14:25:25 IST" skipped="0">
  <testcase classname="allPages.InvoicePayAndCreate" name="TC47" time="27.722"/>
</testsuite> <!-- allPages.InvoicePayAndCreate -->
