<?xml version="1.0" encoding="UTF-8"?>
<!-- Generated by org.testng.reporters.JUnitReportReporter -->
<testsuite hostname="SSSLT025" failures="0" tests="1" name="allPages.InvoicePayAndCreate" time="26.005" errors="0" timestamp="2024-05-06T18:29:41 IST" skipped="0">
  <testcase classname="allPages.InvoicePayAndCreate" name="TC20" time="26.005"/>
</testsuite> <!-- allPages.InvoicePayAndCreate -->
