<?xml version="1.0" encoding="UTF-8"?>
<!-- Generated by org.testng.reporters.JUnitReportReporter -->
<testsuite hostname="SSSLT025" failures="0" tests="3" name="allPages.AllReportModules" time="17.787" errors="0" timestamp="2024-04-26T12:09:21 IST" skipped="2">
  <testcase classname="allPages.AllReportModules" name="TC03" time="17.787"/>
  <testcase classname="allPages.AllReportModules" name="TC30">
    <skipped/>
  </testcase> <!-- TC30 -->
  <testcase classname="allPages.AllReportModules" name="TC29">
    <skipped/>
  </testcase> <!-- TC29 -->
</testsuite> <!-- allPages.AllReportModules -->
