<?xml version="1.0" encoding="UTF-8"?>
<!-- Generated by org.testng.reporters.JUnitReportReporter -->
<testsuite hostname="SSSLT025" failures="0" tests="11" name="allPages.Login" time="149.102" errors="0" timestamp="2024-04-16T11:30:56 IST" skipped="1">
  <testcase classname="allPages.Login" name="Login_TC1" time="8.270"/>
  <testcase classname="allPages.Login" name="Login_TC2" time="6.569"/>
  <testcase classname="allPages.Login" name="Login_TC3" time="6.977"/>
  <testcase classname="allPages.Login" name="Login_TC4" time="11.844"/>
  <testcase classname="allPages.Login" name="Login_TC5" time="6.421"/>
  <testcase classname="allPages.Login" name="Login_TC6" time="37.089"/>
  <testcase classname="allPages.Login" name="Login_TC7" time="37.174"/>
  <testcase classname="allPages.Login" name="Login_TC9" time="6.538"/>
  <testcase classname="allPages.Login" name="Login_TC10" time="7.210"/>
  <testcase classname="allPages.Login" name="Login_T11" time="21.010"/>
  <testcase classname="allPages.Login" name="Login_TC8">
    <skipped/>
  </testcase> <!-- Login_TC8 -->
</testsuite> <!-- allPages.Login -->
