<?xml version="1.0" encoding="UTF-8"?>
<!-- Generated by org.testng.reporters.JUnitReportReporter -->
<testsuite hostname="SSSLT025" failures="0" tests="6" name="allPages.CheckPayments" time="126.666" errors="0" timestamp="2024-05-25T08:18:28 IST" skipped="0">
  <testcase classname="allPages.CheckPayments" name="CheckPaymentsClick" time="12.111"/>
  <testcase classname="allPages.CheckPayments" name="TC01" time="15.899"/>
  <testcase classname="allPages.CheckPayments" name="TC02" time="17.425"/>
  <testcase classname="allPages.CheckPayments" name="TC03" time="26.410"/>
  <testcase classname="allPages.CheckPayments" name="TC04" time="22.348"/>
  <testcase classname="allPages.CheckPayments" name="TC05" time="32.473"/>
</testsuite> <!-- allPages.CheckPayments -->
