<?xml version="1.0" encoding="UTF-8"?>
<!-- Generated by org.testng.reporters.JUnitReportReporter -->
<testsuite hostname="SSSLT025" failures="0" tests="43" name="allPages.BankSetup" time="1082.416" errors="0" timestamp="2024-05-21T20:16:54 IST" skipped="4">
  <testcase classname="allPages.BankSetup" name="ExceptionLog" time="15.116"/>
  <testcase classname="allPages.BankSetup" name="UserLog" time="13.949"/>
  <testcase classname="allPages.BankSetup" name="IPWhitelist" time="12.954"/>
  <testcase classname="allPages.BankSetup" name="AuthorizedNetClick" time="14.640"/>
  <testcase classname="allPages.BankSetup" name="BankSetupClick" time="18.809"/>
  <testcase classname="allPages.BankSetup" name="EventLog" time="14.445"/>
  <testcase classname="allPages.BankSetup" name="TC01" time="26.752"/>
  <testcase classname="allPages.BankSetup" name="TC02" time="24.301"/>
  <testcase classname="allPages.BankSetup" name="TC03" time="23.097"/>
  <testcase classname="allPages.BankSetup" name="TC04" time="24.751"/>
  <testcase classname="allPages.BankSetup" name="TC05" time="27.748"/>
  <testcase classname="allPages.BankSetup" name="TC05" time="76.657">
    <skipped/>
  </testcase> <!-- TC05 -->
  <testcase classname="allPages.BankSetup" name="TC06" time="30.156"/>
  <testcase classname="allPages.BankSetup" name="TC07" time="28.580"/>
  <testcase classname="allPages.BankSetup" name="TC08" time="29.649"/>
  <testcase classname="allPages.BankSetup" name="TC09" time="23.113"/>
  <testcase classname="allPages.BankSetup" name="TC10" time="27.876"/>
  <testcase classname="allPages.BankSetup" name="TC11" time="27.877"/>
  <testcase classname="allPages.BankSetup" name="TC12" time="27.814"/>
  <testcase classname="allPages.BankSetup" name="TC13" time="28.566"/>
  <testcase classname="allPages.BankSetup" name="TC14" time="20.652"/>
  <testcase classname="allPages.BankSetup" name="TC15" time="16.801"/>
  <testcase classname="allPages.BankSetup" name="TC16" time="19.317"/>
  <testcase classname="allPages.BankSetup" name="TC17" time="17.708"/>
  <testcase classname="allPages.BankSetup" name="TC18" time="19.565"/>
  <testcase classname="allPages.BankSetup" name="TC19" time="19.353"/>
  <testcase classname="allPages.BankSetup" name="TC20" time="18.761"/>
  <testcase classname="allPages.BankSetup" name="TC21" time="18.007"/>
  <testcase classname="allPages.BankSetup" name="TC22" time="19.554"/>
  <testcase classname="allPages.BankSetup" name="TC23" time="23.401"/>
  <testcase classname="allPages.BankSetup" name="TC24" time="22.167"/>
  <testcase classname="allPages.BankSetup" name="TC24" time="74.576">
    <skipped/>
  </testcase> <!-- TC24 -->
  <testcase classname="allPages.BankSetup" name="TC25" time="21.225"/>
  <testcase classname="allPages.BankSetup" name="TC25" time="16.244">
    <skipped/>
  </testcase> <!-- TC25 -->
  <testcase classname="allPages.BankSetup" name="TC26" time="27.069"/>
  <testcase classname="allPages.BankSetup" name="TC27" time="16.178"/>
  <testcase classname="allPages.BankSetup" name="TC27" time="74.336">
    <skipped/>
  </testcase> <!-- TC27 -->
  <testcase classname="allPages.BankSetup" name="TC28" time="19.912"/>
  <testcase classname="allPages.BankSetup" name="TC29" time="18.710"/>
  <testcase classname="allPages.BankSetup" name="TC30" time="14.195"/>
  <testcase classname="allPages.BankSetup" name="TC31" time="20.797"/>
  <testcase classname="allPages.BankSetup" name="TC32" time="33.280"/>
  <testcase classname="allPages.BankSetup" name="TC33" time="13.758"/>
</testsuite> <!-- allPages.BankSetup -->
