<?xml version="1.0" encoding="UTF-8"?>
<!-- Generated by org.testng.reporters.JUnitReportReporter -->
<testsuite hostname="SSSLT025" failures="0" tests="4" name="allPages.AllReportModules" time="236.040" errors="0" timestamp="2024-05-04T11:00:43 IST" skipped="2">
  <testcase classname="allPages.AllReportModules" name="TC13" time="17.723"/>
  <testcase classname="allPages.AllReportModules" name="TC16" time="20.500"/>
  <testcase classname="allPages.AllReportModules" name="TC16" time="197.817">
    <skipped/>
  </testcase> <!-- TC16 -->
  <testcase classname="allPages.AllReportModules" name="TC39">
    <skipped/>
  </testcase> <!-- TC39 -->
</testsuite> <!-- allPages.AllReportModules -->
