<?xml version="1.0" encoding="UTF-8"?>
<!-- Generated by org.testng.reporters.JUnitReportReporter -->
<testsuite hostname="SSSLT025" failures="0" tests="2" name="allPages.InstallerSetup" time="23.350" errors="0" timestamp="2024-05-06T16:51:35 IST" skipped="1">
  <testcase classname="allPages.InstallerSetup" name="TC17" time="23.350"/>
  <testcase classname="allPages.InstallerSetup" name="TC24">
    <skipped/>
  </testcase> <!-- TC24 -->
</testsuite> <!-- allPages.InstallerSetup -->
