<?xml version="1.0" encoding="UTF-8"?>
<!-- Generated by org.testng.reporters.JUnitReportReporter -->
<testsuite hostname="SSSLT025" failures="0" tests="1" name="allPages.CustomerList" time="47.513" errors="0" timestamp="2024-05-22T15:40:35 IST" skipped="0">
  <testcase classname="allPages.CustomerList" name="TC13" time="47.513"/>
</testsuite> <!-- allPages.CustomerList -->
