<?xml version="1.0" encoding="UTF-8"?>
<!-- Generated by org.testng.reporters.JUnitReportReporter -->
<testsuite hostname="SSSLT025" failures="0" tests="11" name="allPages.CustomerACHUpload" time="210.480" errors="0" timestamp="2024-05-23T10:25:45 IST" skipped="0">
  <testcase classname="allPages.CustomerACHUpload" name="ACHUploadClick" time="13.298"/>
  <testcase classname="allPages.CustomerACHUpload" name="TC01" time="14.350"/>
  <testcase classname="allPages.CustomerACHUpload" name="TC02" time="23.818"/>
  <testcase classname="allPages.CustomerACHUpload" name="TC03" time="13.106"/>
  <testcase classname="allPages.CustomerACHUpload" name="TC04" time="13.930"/>
  <testcase classname="allPages.CustomerACHUpload" name="TC05" time="12.413"/>
  <testcase classname="allPages.CustomerACHUpload" name="TC06" time="20.445"/>
  <testcase classname="allPages.CustomerACHUpload" name="TC07" time="21.853"/>
  <testcase classname="allPages.CustomerACHUpload" name="TC08" time="29.580"/>
  <testcase classname="allPages.CustomerACHUpload" name="TC09" time="21.804"/>
  <testcase classname="allPages.CustomerACHUpload" name="TC11" time="25.883"/>
</testsuite> <!-- allPages.CustomerACHUpload -->
