<?xml version="1.0" encoding="UTF-8"?>
<!-- Generated by org.testng.reporters.JUnitReportReporter -->
<testsuite hostname="SSSLT025" failures="0" tests="3" name="allPages.ViewUser" time="167.205" errors="0" timestamp="2024-05-04T10:31:35 IST" skipped="2">
  <testcase classname="allPages.ViewUser" name="TC09" time="25.525"/>
  <testcase classname="allPages.ViewUser" name="TC09" time="141.680">
    <skipped/>
  </testcase> <!-- TC09 -->
  <testcase classname="allPages.ViewUser" name="TC23">
    <skipped/>
  </testcase> <!-- TC23 -->
</testsuite> <!-- allPages.ViewUser -->
