<?xml version="1.0" encoding="UTF-8"?>
<!-- Generated by org.testng.reporters.JUnitReportReporter -->
<testsuite hostname="SSSLT025" failures="0" tests="12" name="allPages.Login" time="164.811" errors="0" timestamp="2024-04-30T12:25:06 IST" skipped="2">
  <testcase classname="allPages.Login" name="Login_TC1" time="5.880"/>
  <testcase classname="allPages.Login" name="Login_TC2" time="5.983"/>
  <testcase classname="allPages.Login" name="Login_TC3" time="5.109"/>
  <testcase classname="allPages.Login" name="Login_TC4" time="5.573"/>
  <testcase classname="allPages.Login" name="Login_TC5" time="5.004"/>
  <testcase classname="allPages.Login" name="Login_TC6" time="38.016"/>
  <testcase classname="allPages.Login" name="Login_TC7" time="36.820"/>
  <testcase classname="allPages.Login" name="Login_TC7" time="30.984">
    <skipped/>
  </testcase> <!-- Login_TC7 -->
  <testcase classname="allPages.Login" name="Login_TC9" time="5.886"/>
  <testcase classname="allPages.Login" name="Login_TC10" time="5.708"/>
  <testcase classname="allPages.Login" name="Login_T11" time="19.848"/>
  <testcase classname="allPages.Login" name="Login_TC8">
    <skipped/>
  </testcase> <!-- Login_TC8 -->
</testsuite> <!-- allPages.Login -->
