<?xml version="1.0" encoding="UTF-8"?>
<!-- Generated by org.testng.reporters.JUnitReportReporter -->
<testsuite hostname="SSSLT025" failures="0" tests="1" name="allPages.InvestorSetup" time="20.488" errors="0" timestamp="2024-05-06T16:47:55 IST" skipped="0">
  <testcase classname="allPages.InvestorSetup" name="TC29" time="20.488"/>
</testsuite> <!-- allPages.InvestorSetup -->
