<?xml version="1.0" encoding="UTF-8"?>
<!-- Generated by org.testng.reporters.JUnitReportReporter -->
<testsuite hostname="SSSLT025" failures="0" tests="1" name="allPages.CustomerACHUpload" time="10.888" errors="0" timestamp="2024-04-09T17:15:56 IST" skipped="0">
  <testcase classname="allPages.CustomerACHUpload" name="TC09" time="10.888"/>
</testsuite> <!-- allPages.CustomerACHUpload -->
