<?xml version="1.0" encoding="UTF-8"?>
<!-- Generated by org.testng.reporters.JUnitReportReporter -->
<testsuite hostname="SSSLT025" failures="0" tests="1" name="allPages.InvestorSetup" time="24.073" errors="0" timestamp="2024-04-17T14:21:41 IST" skipped="0">
  <testcase classname="allPages.InvestorSetup" name="TC15" time="24.073"/>
</testsuite> <!-- allPages.InvestorSetup -->
