<?xml version="1.0" encoding="UTF-8"?>
<!-- Generated by org.testng.reporters.JUnitReportReporter -->
<testsuite hostname="SSSLT025" failures="0" tests="20" name="allPages.Tickets" time="487.349" errors="0" timestamp="2024-05-25T08:18:28 IST" skipped="5">
  <testcase classname="allPages.Tickets" name="TicketsClick" time="12.737"/>
  <testcase classname="allPages.Tickets" name="TC01" time="14.393"/>
  <testcase classname="allPages.Tickets" name="TC02" time="12.439"/>
  <testcase classname="allPages.Tickets" name="TC03" time="20.473"/>
  <testcase classname="allPages.Tickets" name="TC04" time="21.606"/>
  <testcase classname="allPages.Tickets" name="TC05" time="20.320"/>
  <testcase classname="allPages.Tickets" name="TC06" time="21.198"/>
  <testcase classname="allPages.Tickets" name="TC07" time="20.640"/>
  <testcase classname="allPages.Tickets" name="TC07" time="16.422">
    <skipped/>
  </testcase> <!-- TC07 -->
  <testcase classname="allPages.Tickets" name="TC07" time="17.830">
    <skipped/>
  </testcase> <!-- TC07 -->
  <testcase classname="allPages.Tickets" name="TC07" time="75.823">
    <skipped/>
  </testcase> <!-- TC07 -->
  <testcase classname="allPages.Tickets" name="TC07" time="75.324">
    <skipped/>
  </testcase> <!-- TC07 -->
  <testcase classname="allPages.Tickets" name="TC07" time="17.700">
    <skipped/>
  </testcase> <!-- TC07 -->
  <testcase classname="allPages.Tickets" name="TC08" time="20.308"/>
  <testcase classname="allPages.Tickets" name="TC09" time="21.115"/>
  <testcase classname="allPages.Tickets" name="TC10" time="21.365"/>
  <testcase classname="allPages.Tickets" name="TC11" time="25.198"/>
  <testcase classname="allPages.Tickets" name="TC12" time="18.713"/>
  <testcase classname="allPages.Tickets" name="TC13" time="18.005"/>
  <testcase classname="allPages.Tickets" name="TC14" time="15.740"/>
</testsuite> <!-- allPages.Tickets -->
