<?xml version="1.0" encoding="UTF-8"?>
<!-- Generated by org.testng.reporters.JUnitReportReporter -->
<testsuite hostname="SSSLT025" failures="0" tests="1" name="allPages.Tickets" time="8.790" errors="0" timestamp="2024-04-09T17:23:15 IST" skipped="0">
  <testcase classname="allPages.Tickets" name="TC02" time="8.790"/>
</testsuite> <!-- allPages.Tickets -->
