<?xml version="1.0" encoding="UTF-8"?>
<!-- Generated by org.testng.reporters.JUnitReportReporter -->
<testsuite hostname="SSSLT025" failures="0" tests="1" name="allPages.CustomerList" time="24.233" errors="0" timestamp="2024-05-23T13:12:22 IST" skipped="0">
  <testcase classname="allPages.CustomerList" name="TC71" time="24.233"/>
</testsuite> <!-- allPages.CustomerList -->
