<?xml version="1.0" encoding="UTF-8"?>
<!-- Generated by org.testng.reporters.JUnitReportReporter -->
<testsuite hostname="SSSLT025" failures="0" tests="12" name="allPages.Login" time="160.001" errors="0" timestamp="2024-05-06T04:01:49 IST" skipped="2">
  <testcase classname="allPages.Login" name="Login_TC1" time="6.172"/>
  <testcase classname="allPages.Login" name="Login_TC2" time="5.420"/>
  <testcase classname="allPages.Login" name="Login_TC3" time="5.145"/>
  <testcase classname="allPages.Login" name="Login_TC4" time="7.092"/>
  <testcase classname="allPages.Login" name="Login_TC5" time="4.924"/>
  <testcase classname="allPages.Login" name="Login_TC6" time="35.527"/>
  <testcase classname="allPages.Login" name="Login_TC7" time="25.881">
    <skipped/>
  </testcase> <!-- Login_TC7 -->
  <testcase classname="allPages.Login" name="Login_TC7" time="38.974"/>
  <testcase classname="allPages.Login" name="Login_TC9" time="4.587"/>
  <testcase classname="allPages.Login" name="Login_TC10" time="5.573"/>
  <testcase classname="allPages.Login" name="Login_T11" time="20.706"/>
  <testcase classname="allPages.Login" name="Login_TC8">
    <skipped/>
  </testcase> <!-- Login_TC8 -->
</testsuite> <!-- allPages.Login -->
