<?xml version="1.0" encoding="UTF-8"?>
<!-- Generated by org.testng.reporters.JUnitReportReporter -->
<testsuite hostname="SSSLT025" failures="0" tests="1" name="allPages.Schedulers" time="16.480" errors="0" timestamp="2024-04-09T17:19:02 IST" skipped="0">
  <testcase classname="allPages.Schedulers" name="TC01" time="16.480"/>
</testsuite> <!-- allPages.Schedulers -->
