<?xml version="1.0" encoding="UTF-8"?>
<!-- Generated by org.testng.reporters.JUnitReportReporter -->
<testsuite hostname="SSSLT025" failures="0" tests="1" name="allPages.InvoicePayAndCreate" time="31.858" errors="0" timestamp="2024-05-07T12:20:22 IST" skipped="0">
  <testcase classname="allPages.InvoicePayAndCreate" name="TC15" time="31.858"/>
</testsuite> <!-- allPages.InvoicePayAndCreate -->
