<?xml version="1.0" encoding="UTF-8"?>
<!-- Generated by org.testng.reporters.JUnitReportReporter -->
<testsuite hostname="SSSLT025" failures="0" tests="3" name="allPages.ViewUser" time="41.027" errors="0" timestamp="2024-04-22T17:02:37 IST" skipped="2">
  <testcase classname="allPages.ViewUser" name="TC06" time="17.739">
    <skipped/>
  </testcase> <!-- TC06 -->
  <testcase classname="allPages.ViewUser" name="TC06" time="23.288"/>
  <testcase classname="allPages.ViewUser" name="TC23">
    <skipped/>
  </testcase> <!-- TC23 -->
</testsuite> <!-- allPages.ViewUser -->
