<?xml version="1.0" encoding="UTF-8"?>
<!-- Generated by org.testng.reporters.JUnitReportReporter -->
<testsuite hostname="SSSLT025" failures="0" tests="7" name="allPages.CheckPayments" time="253.192" errors="0" timestamp="2024-05-23T09:36:48 IST" skipped="1">
  <testcase classname="allPages.CheckPayments" name="CheckPaymentsClick" time="13.631"/>
  <testcase classname="allPages.CheckPayments" name="TC01" time="14.967"/>
  <testcase classname="allPages.CheckPayments" name="TC02" time="16.812"/>
  <testcase classname="allPages.CheckPayments" name="TC03" time="27.045"/>
  <testcase classname="allPages.CheckPayments" name="TC04" time="20.198"/>
  <testcase classname="allPages.CheckPayments" name="TC05" time="74.445">
    <skipped/>
  </testcase> <!-- TC05 -->
  <testcase classname="allPages.CheckPayments" name="TC05" time="86.094"/>
</testsuite> <!-- allPages.CheckPayments -->
