<?xml version="1.0" encoding="UTF-8"?>
<!-- Generated by org.testng.reporters.JUnitReportReporter -->
<testsuite hostname="SSSLT025" failures="0" tests="2" name="allPages.ViewUser" time="26.013" errors="0" timestamp="2024-05-22T10:47:46 IST" skipped="1">
  <testcase classname="allPages.ViewUser" name="TC37" time="26.013"/>
  <testcase classname="allPages.ViewUser" name="TC23">
    <skipped/>
  </testcase> <!-- TC23 -->
</testsuite> <!-- allPages.ViewUser -->
