<?xml version="1.0" encoding="UTF-8"?>
<!-- Generated by org.testng.reporters.JUnitReportReporter -->
<testsuite hostname="SSSLT025" failures="0" tests="11" name="allPages.CustomerIssues" time="18.732" errors="0" timestamp="2024-04-26T10:55:29 IST" skipped="10">
  <testcase classname="allPages.CustomerIssues" name="ACHInvPayCaldrChck" time="18.732"/>
  <testcase classname="allPages.CustomerIssues" name="ProdStsChckInMonitoring">
    <skipped/>
  </testcase> <!-- ProdStsChckInMonitoring -->
  <testcase classname="allPages.CustomerIssues" name="CustStsSysProfChckInMonitoring">
    <skipped/>
  </testcase> <!-- CustStsSysProfChckInMonitoring -->
  <testcase classname="allPages.CustomerIssues" name="PanelAddChckInMonitoring">
    <skipped/>
  </testcase> <!-- PanelAddChckInMonitoring -->
  <testcase classname="allPages.CustomerIssues" name="TotalValueChckInMonitoring">
    <skipped/>
  </testcase> <!-- TotalValueChckInMonitoring -->
  <testcase classname="allPages.CustomerIssues" name="InvertorManChckInMonitoring">
    <skipped/>
  </testcase> <!-- InvertorManChckInMonitoring -->
  <testcase classname="allPages.CustomerIssues" name="PanelUpdChckInMonitoring">
    <skipped/>
  </testcase> <!-- PanelUpdChckInMonitoring -->
  <testcase classname="allPages.CustomerIssues" name="InvertorUpdtChckInMonitoring">
    <skipped/>
  </testcase> <!-- InvertorUpdtChckInMonitoring -->
  <testcase classname="allPages.CustomerIssues" name="ProdStsExportChckInMonitoring">
    <skipped/>
  </testcase> <!-- ProdStsExportChckInMonitoring -->
  <testcase classname="allPages.CustomerIssues" name="TimShtChck">
    <skipped/>
  </testcase> <!-- TimShtChck -->
  <testcase classname="allPages.CustomerIssues" name="InvChngPayDateManChk">
    <skipped/>
  </testcase> <!-- InvChngPayDateManChk -->
</testsuite> <!-- allPages.CustomerIssues -->
