<?xml version="1.0" encoding="UTF-8"?>
<!-- Generated by org.testng.reporters.JUnitReportReporter -->
<testsuite hostname="SSSLT025" failures="0" tests="1" name="allPages.BankSetup" time="15.551" errors="0" timestamp="2024-05-04T10:26:17 IST" skipped="0">
  <testcase classname="allPages.BankSetup" name="TC25" time="15.551"/>
</testsuite> <!-- allPages.BankSetup -->
