<?xml version="1.0" encoding="UTF-8"?>
<!-- Generated by org.testng.reporters.JUnitReportReporter -->
<testsuite hostname="SSSLT025" failures="0" tests="1" name="allPages.InvoicePayAndCreate" time="33.332" errors="0" timestamp="2024-04-30T18:28:04 IST" skipped="0">
  <testcase classname="allPages.InvoicePayAndCreate" name="TC27" time="33.332"/>
</testsuite> <!-- allPages.InvoicePayAndCreate -->
