<?xml version="1.0" encoding="UTF-8"?>
<!-- Generated by org.testng.reporters.JUnitReportReporter -->
<testsuite hostname="SSSLT025" failures="0" tests="1" name="allPages.BankSetup" time="13.671" errors="0" timestamp="2024-05-06T16:54:30 IST" skipped="0">
  <testcase classname="allPages.BankSetup" name="TC33" time="13.671"/>
</testsuite> <!-- allPages.BankSetup -->
