<?xml version="1.0" encoding="UTF-8"?>
<!-- Generated by org.testng.reporters.JUnitReportReporter -->
<testsuite hostname="SSSLT025" failures="0" tests="1" name="allPages.InvoicePayAndCreate" time="16.384" errors="0" timestamp="2024-05-04T18:33:11 IST" skipped="0">
  <testcase classname="allPages.InvoicePayAndCreate" name="TC01" time="16.384"/>
</testsuite> <!-- allPages.InvoicePayAndCreate -->
