<?xml version="1.0" encoding="UTF-8"?>
<!-- Generated by org.testng.reporters.JUnitReportReporter -->
<testsuite hostname="SSSLT025" failures="0" tests="1" name="allPages.CheckPayments" time="24.346" errors="0" timestamp="2024-05-06T11:15:11 IST" skipped="0">
  <testcase classname="allPages.CheckPayments" name="TC05" time="24.346"/>
</testsuite> <!-- allPages.CheckPayments -->
