<?xml version="1.0" encoding="UTF-8"?>
<!-- Generated by org.testng.reporters.JUnitReportReporter -->
<testsuite hostname="SSSLT025" failures="0" tests="7" name="allPages.CustomerGroup" time="75.741" errors="0" timestamp="2024-05-06T04:01:49 IST" skipped="0">
  <testcase classname="allPages.CustomerGroup" name="CustomerGroupBtnClick" time="7.806"/>
  <testcase classname="allPages.CustomerGroup" name="TC01" time="10.090"/>
  <testcase classname="allPages.CustomerGroup" name="TC02" time="10.973"/>
  <testcase classname="allPages.CustomerGroup" name="TC03" time="10.540"/>
  <testcase classname="allPages.CustomerGroup" name="TC04" time="10.254"/>
  <testcase classname="allPages.CustomerGroup" name="TC05" time="11.975"/>
  <testcase classname="allPages.CustomerGroup" name="TC06" time="14.103"/>
</testsuite> <!-- allPages.CustomerGroup -->
