<?xml version="1.0" encoding="UTF-8"?>
<!-- Generated by org.testng.reporters.JUnitReportReporter -->
<testsuite hostname="SSSLT025" failures="0" tests="2" name="allPages.ViewUser" time="25.955" errors="0" timestamp="2024-05-06T10:15:12 IST" skipped="1">
  <testcase classname="allPages.ViewUser" name="TC09" time="25.955"/>
  <testcase classname="allPages.ViewUser" name="TC23">
    <skipped/>
  </testcase> <!-- TC23 -->
</testsuite> <!-- allPages.ViewUser -->
