<?xml version="1.0" encoding="UTF-8"?>
<!-- Generated by org.testng.reporters.JUnitReportReporter -->
<testsuite hostname="SSSLT025" failures="0" tests="1" name="allPages.CustomerList" time="21.057" errors="0" timestamp="2024-05-06T16:43:46 IST" skipped="0">
  <testcase classname="allPages.CustomerList" name="TC50" time="21.057"/>
</testsuite> <!-- allPages.CustomerList -->
