<?xml version="1.0" encoding="UTF-8"?>
<!-- Generated by org.testng.reporters.JUnitReportReporter -->
<testsuite hostname="SSSLT025" failures="0" tests="7" name="allPages.CustomerGroup" time="121.306" errors="0" timestamp="2024-05-25T08:18:28 IST" skipped="0">
  <testcase classname="allPages.CustomerGroup" name="CustomerGroupBtnClick" time="13.763"/>
  <testcase classname="allPages.CustomerGroup" name="TC01" time="15.234"/>
  <testcase classname="allPages.CustomerGroup" name="TC02" time="16.419"/>
  <testcase classname="allPages.CustomerGroup" name="TC03" time="15.828"/>
  <testcase classname="allPages.CustomerGroup" name="TC04" time="16.452"/>
  <testcase classname="allPages.CustomerGroup" name="TC05" time="20.672"/>
  <testcase classname="allPages.CustomerGroup" name="TC06" time="22.938"/>
</testsuite> <!-- allPages.CustomerGroup -->
