<?xml version="1.0" encoding="UTF-8"?>
<!-- Generated by org.testng.reporters.JUnitReportReporter -->
<testsuite hostname="SSSLT025" failures="0" tests="6" name="allPages.CheckPayments" time="104.762" errors="0" timestamp="2024-05-07T16:27:01 IST" skipped="0">
  <testcase classname="allPages.CheckPayments" name="CheckPaymentsClick" time="11.344"/>
  <testcase classname="allPages.CheckPayments" name="TC01" time="12.621"/>
  <testcase classname="allPages.CheckPayments" name="TC02" time="12.646"/>
  <testcase classname="allPages.CheckPayments" name="TC03" time="21.363"/>
  <testcase classname="allPages.CheckPayments" name="TC04" time="20.059"/>
  <testcase classname="allPages.CheckPayments" name="TC05" time="26.729"/>
</testsuite> <!-- allPages.CheckPayments -->
