<?xml version="1.0" encoding="UTF-8"?>
<!-- Generated by org.testng.reporters.JUnitReportReporter -->
<testsuite hostname="SSSLT025" failures="0" tests="41" name="allPages.BankSetup" time="972.443" errors="0" timestamp="2024-04-30T12:41:48 IST" skipped="2">
  <testcase classname="allPages.BankSetup" name="IPWhitelist" time="10.871"/>
  <testcase classname="allPages.BankSetup" name="ExceptionLog" time="13.023"/>
  <testcase classname="allPages.BankSetup" name="BankSetupClick" time="10.435"/>
  <testcase classname="allPages.BankSetup" name="EventLog" time="11.394"/>
  <testcase classname="allPages.BankSetup" name="AuthorizedNetClick" time="11.310"/>
  <testcase classname="allPages.BankSetup" name="UserLog" time="12.046"/>
  <testcase classname="allPages.BankSetup" name="TC01" time="15.172"/>
  <testcase classname="allPages.BankSetup" name="TC02" time="13.735"/>
  <testcase classname="allPages.BankSetup" name="TC03" time="15.532"/>
  <testcase classname="allPages.BankSetup" name="TC04" time="13.721"/>
  <testcase classname="allPages.BankSetup" name="TC05" time="133.619">
    <skipped/>
  </testcase> <!-- TC05 -->
  <testcase classname="allPages.BankSetup" name="TC05" time="14.935"/>
  <testcase classname="allPages.BankSetup" name="TC06" time="31.163">
    <skipped/>
  </testcase> <!-- TC06 -->
  <testcase classname="allPages.BankSetup" name="TC06" time="59.048"/>
  <testcase classname="allPages.BankSetup" name="TC07" time="17.856"/>
  <testcase classname="allPages.BankSetup" name="TC08" time="19.229"/>
  <testcase classname="allPages.BankSetup" name="TC09" time="13.746"/>
  <testcase classname="allPages.BankSetup" name="TC10" time="14.665"/>
  <testcase classname="allPages.BankSetup" name="TC11" time="32.532"/>
  <testcase classname="allPages.BankSetup" name="TC12" time="18.076"/>
  <testcase classname="allPages.BankSetup" name="TC13" time="41.269"/>
  <testcase classname="allPages.BankSetup" name="TC14" time="23.734"/>
  <testcase classname="allPages.BankSetup" name="TC15" time="33.089"/>
  <testcase classname="allPages.BankSetup" name="TC16" time="17.654"/>
  <testcase classname="allPages.BankSetup" name="TC17" time="15.818"/>
  <testcase classname="allPages.BankSetup" name="TC18" time="17.050"/>
  <testcase classname="allPages.BankSetup" name="TC19" time="16.214"/>
  <testcase classname="allPages.BankSetup" name="TC20" time="16.749"/>
  <testcase classname="allPages.BankSetup" name="TC21" time="23.235"/>
  <testcase classname="allPages.BankSetup" name="TC22" time="15.853"/>
  <testcase classname="allPages.BankSetup" name="TC23" time="20.416"/>
  <testcase classname="allPages.BankSetup" name="TC24" time="20.605"/>
  <testcase classname="allPages.BankSetup" name="TC25" time="13.628"/>
  <testcase classname="allPages.BankSetup" name="TC26" time="19.460"/>
  <testcase classname="allPages.BankSetup" name="TC27" time="94.810"/>
  <testcase classname="allPages.BankSetup" name="TC28" time="14.927"/>
  <testcase classname="allPages.BankSetup" name="TC29" time="15.881"/>
  <testcase classname="allPages.BankSetup" name="TC30" time="13.979"/>
  <testcase classname="allPages.BankSetup" name="TC31" time="18.969"/>
  <testcase classname="allPages.BankSetup" name="TC32" time="23.854"/>
  <testcase classname="allPages.BankSetup" name="TC33" time="13.141"/>
</testsuite> <!-- allPages.BankSetup -->
