<?xml version="1.0" encoding="UTF-8"?>
<!-- Generated by org.testng.reporters.JUnitReportReporter -->
<testsuite hostname="SSSLT025" failures="0" tests="43" name="allPages.AllReportModules" time="647.050" errors="0" timestamp="2024-05-06T04:01:49 IST" skipped="1">
  <testcase classname="allPages.AllReportModules" name="TapeReportBtn" time="9.060"/>
  <testcase classname="allPages.AllReportModules" name="ActivityReport" time="7.975"/>
  <testcase classname="allPages.AllReportModules" name="OSReportBtn" time="11.457"/>
  <testcase classname="allPages.AllReportModules" name="InvoiceLog" time="8.936"/>
  <testcase classname="allPages.AllReportModules" name="ACHTransactionBtn" time="8.253"/>
  <testcase classname="allPages.AllReportModules" name="TC01" time="10.705"/>
  <testcase classname="allPages.AllReportModules" name="TC02" time="12.335"/>
  <testcase classname="allPages.AllReportModules" name="TC03" time="17.860"/>
  <testcase classname="allPages.AllReportModules" name="TC04" time="16.136"/>
  <testcase classname="allPages.AllReportModules" name="TC05" time="16.890"/>
  <testcase classname="allPages.AllReportModules" name="TC06" time="14.620"/>
  <testcase classname="allPages.AllReportModules" name="TC07" time="11.960"/>
  <testcase classname="allPages.AllReportModules" name="TC08" time="19.106"/>
  <testcase classname="allPages.AllReportModules" name="TC09" time="28.559"/>
  <testcase classname="allPages.AllReportModules" name="TC10" time="18.362"/>
  <testcase classname="allPages.AllReportModules" name="TC11" time="26.023"/>
  <testcase classname="allPages.AllReportModules" name="TC12" time="19.361"/>
  <testcase classname="allPages.AllReportModules" name="TC13" time="20.363"/>
  <testcase classname="allPages.AllReportModules" name="TC14" time="20.936"/>
  <testcase classname="allPages.AllReportModules" name="TC15" time="20.494"/>
  <testcase classname="allPages.AllReportModules" name="TC16" time="20.743"/>
  <testcase classname="allPages.AllReportModules" name="TC18" time="25.876"/>
  <testcase classname="allPages.AllReportModules" name="TC19" time="15.034"/>
  <testcase classname="allPages.AllReportModules" name="TC20" time="13.391"/>
  <testcase classname="allPages.AllReportModules" name="TC21" time="10.272"/>
  <testcase classname="allPages.AllReportModules" name="TC22" time="14.219"/>
  <testcase classname="allPages.AllReportModules" name="TC23" time="12.224"/>
  <testcase classname="allPages.AllReportModules" name="TC24" time="13.523"/>
  <testcase classname="allPages.AllReportModules" name="TC25" time="15.526"/>
  <testcase classname="allPages.AllReportModules" name="TC26" time="12.267"/>
  <testcase classname="allPages.AllReportModules" name="TC27" time="16.222"/>
  <testcase classname="allPages.AllReportModules" name="TC28" time="9.926"/>
  <testcase classname="allPages.AllReportModules" name="TC29" time="14.169"/>
  <testcase classname="allPages.AllReportModules" name="TC30" time="14.255"/>
  <testcase classname="allPages.AllReportModules" name="TC31" time="15.350"/>
  <testcase classname="allPages.AllReportModules" name="TC32" time="14.278"/>
  <testcase classname="allPages.AllReportModules" name="TC33" time="14.156"/>
  <testcase classname="allPages.AllReportModules" name="TC34" time="14.657"/>
  <testcase classname="allPages.AllReportModules" name="TC35" time="15.936"/>
  <testcase classname="allPages.AllReportModules" name="TC36" time="14.387"/>
  <testcase classname="allPages.AllReportModules" name="TC37" time="16.128"/>
  <testcase classname="allPages.AllReportModules" name="TC38" time="15.120"/>
  <testcase classname="allPages.AllReportModules" name="TC39">
    <skipped/>
  </testcase> <!-- TC39 -->
</testsuite> <!-- allPages.AllReportModules -->
