<?xml version="1.0" encoding="UTF-8"?>
<!-- Generated by org.testng.reporters.JUnitReportReporter -->
<testsuite hostname="SSSLT025" failures="0" tests="1" name="allPages.InvoicePayAndCreate" time="15.536" errors="0" timestamp="2024-05-07T17:08:58 IST" skipped="0">
  <testcase classname="allPages.InvoicePayAndCreate" name="TC50" time="15.536"/>
</testsuite> <!-- allPages.InvoicePayAndCreate -->
