<?xml version="1.0" encoding="UTF-8"?>
<!-- Generated by org.testng.reporters.JUnitReportReporter -->
<testsuite hostname="SSSLT025" failures="0" tests="1" name="allPages.Tickets" time="16.424" errors="0" timestamp="2024-05-04T10:38:01 IST" skipped="0">
  <testcase classname="allPages.Tickets" name="TC09" time="16.424"/>
</testsuite> <!-- allPages.Tickets -->
