<?xml version="1.0" encoding="UTF-8"?>
<!-- Generated by org.testng.reporters.JUnitReportReporter -->
<testsuite hostname="SSSLT025" failures="0" tests="2" name="allPages.ViewUser" time="21.347" errors="0" timestamp="2024-04-30T13:00:37 IST" skipped="1">
  <testcase classname="allPages.ViewUser" name="TC24" time="21.347"/>
  <testcase classname="allPages.ViewUser" name="TC23">
    <skipped/>
  </testcase> <!-- TC23 -->
</testsuite> <!-- allPages.ViewUser -->
