<?xml version="1.0" encoding="UTF-8"?>
<!-- Generated by org.testng.reporters.JUnitReportReporter -->
<testsuite hostname="SSSLT025" failures="0" tests="12" name="allPages.CustomerACHUpload" time="274.417" errors="0" timestamp="2024-04-30T17:00:20 IST" skipped="1">
  <testcase classname="allPages.CustomerACHUpload" name="ACHUploadClick" time="9.115"/>
  <testcase classname="allPages.CustomerACHUpload" name="TC01" time="11.639"/>
  <testcase classname="allPages.CustomerACHUpload" name="TC02" time="12.821"/>
  <testcase classname="allPages.CustomerACHUpload" name="TC03" time="9.820"/>
  <testcase classname="allPages.CustomerACHUpload" name="TC04" time="10.474"/>
  <testcase classname="allPages.CustomerACHUpload" name="TC05" time="145.634">
    <skipped/>
  </testcase> <!-- TC05 -->
  <testcase classname="allPages.CustomerACHUpload" name="TC05" time="9.283"/>
  <testcase classname="allPages.CustomerACHUpload" name="TC06" time="12.637"/>
  <testcase classname="allPages.CustomerACHUpload" name="TC07" time="11.448"/>
  <testcase classname="allPages.CustomerACHUpload" name="TC08" time="15.166"/>
  <testcase classname="allPages.CustomerACHUpload" name="TC09" time="10.674"/>
  <testcase classname="allPages.CustomerACHUpload" name="TC11" time="15.706"/>
</testsuite> <!-- allPages.CustomerACHUpload -->
