<?xml version="1.0" encoding="UTF-8"?>
<!-- Generated by org.testng.reporters.JUnitReportReporter -->
<testsuite hostname="SSSLT025" failures="0" tests="11" name="allPages.Login" time="138.379" errors="0" timestamp="2024-05-21T20:16:54 IST" skipped="1">
  <testcase classname="allPages.Login" name="Login_TC1" time="8.466"/>
  <testcase classname="allPages.Login" name="Login_TC2" time="6.796"/>
  <testcase classname="allPages.Login" name="Login_TC3" time="5.548"/>
  <testcase classname="allPages.Login" name="Login_TC4" time="6.021"/>
  <testcase classname="allPages.Login" name="Login_TC5" time="5.507"/>
  <testcase classname="allPages.Login" name="Login_TC6" time="35.805"/>
  <testcase classname="allPages.Login" name="Login_TC7" time="35.822"/>
  <testcase classname="allPages.Login" name="Login_TC9" time="5.902"/>
  <testcase classname="allPages.Login" name="Login_TC10" time="6.549"/>
  <testcase classname="allPages.Login" name="Login_T11" time="21.963"/>
  <testcase classname="allPages.Login" name="Login_TC8">
    <skipped/>
  </testcase> <!-- Login_TC8 -->
</testsuite> <!-- allPages.Login -->
