<?xml version="1.0" encoding="UTF-8"?>
<!-- Generated by org.testng.reporters.JUnitReportReporter -->
<testsuite hostname="SSSLT025" failures="0" tests="11" name="allPages.CustomerACHUpload" time="170.754" errors="0" timestamp="2024-05-07T16:27:01 IST" skipped="0">
  <testcase classname="allPages.CustomerACHUpload" name="ACHUploadClick" time="11.156"/>
  <testcase classname="allPages.CustomerACHUpload" name="TC01" time="12.853"/>
  <testcase classname="allPages.CustomerACHUpload" name="TC02" time="20.157"/>
  <testcase classname="allPages.CustomerACHUpload" name="TC03" time="12.312"/>
  <testcase classname="allPages.CustomerACHUpload" name="TC04" time="11.384"/>
  <testcase classname="allPages.CustomerACHUpload" name="TC05" time="10.148"/>
  <testcase classname="allPages.CustomerACHUpload" name="TC06" time="16.944"/>
  <testcase classname="allPages.CustomerACHUpload" name="TC07" time="13.794"/>
  <testcase classname="allPages.CustomerACHUpload" name="TC08" time="22.806"/>
  <testcase classname="allPages.CustomerACHUpload" name="TC09" time="20.448"/>
  <testcase classname="allPages.CustomerACHUpload" name="TC11" time="18.752"/>
</testsuite> <!-- allPages.CustomerACHUpload -->
