<?xml version="1.0" encoding="UTF-8"?>
<!-- Generated by org.testng.reporters.JUnitReportReporter -->
<testsuite hostname="SSSLT025" failures="0" tests="38" name="allPages.InstallerSetup" time="1295.198" errors="0" timestamp="2024-05-25T08:18:28 IST" skipped="9">
  <testcase classname="allPages.InstallerSetup" name="InstallerBtnClick" time="19.469"/>
  <testcase classname="allPages.InstallerSetup" name="TC01" time="26.931"/>
  <testcase classname="allPages.InstallerSetup" name="EnterAllDetails" time="27.228"/>
  <testcase classname="allPages.InstallerSetup" name="TC02" time="32.673"/>
  <testcase classname="allPages.InstallerSetup" name="TC03" time="29.823"/>
  <testcase classname="allPages.InstallerSetup" name="TC04" time="26.310"/>
  <testcase classname="allPages.InstallerSetup" name="TC06" time="17.174"/>
  <testcase classname="allPages.InstallerSetup" name="TC07" time="29.617"/>
  <testcase classname="allPages.InstallerSetup" name="TC08" time="27.492"/>
  <testcase classname="allPages.InstallerSetup" name="TC10" time="81.429">
    <skipped/>
  </testcase> <!-- TC10 -->
  <testcase classname="allPages.InstallerSetup" name="TC10" time="36.530"/>
  <testcase classname="allPages.InstallerSetup" name="TC09" time="44.496"/>
  <testcase classname="allPages.InstallerSetup" name="TC11" time="25.882">
    <skipped/>
  </testcase> <!-- TC11 -->
  <testcase classname="allPages.InstallerSetup" name="TC11" time="23.732"/>
  <testcase classname="allPages.InstallerSetup" name="TC11" time="28.811">
    <skipped/>
  </testcase> <!-- TC11 -->
  <testcase classname="allPages.InstallerSetup" name="TC14" time="26.155">
    <skipped/>
  </testcase> <!-- TC14 -->
  <testcase classname="allPages.InstallerSetup" name="TC14" time="82.695">
    <skipped/>
  </testcase> <!-- TC14 -->
  <testcase classname="allPages.InstallerSetup" name="TC14" time="80.101">
    <skipped/>
  </testcase> <!-- TC14 -->
  <testcase classname="allPages.InstallerSetup" name="TC14" time="26.857"/>
  <testcase classname="allPages.InstallerSetup" name="TC15" time="31.688"/>
  <testcase classname="allPages.InstallerSetup" name="TC16" time="31.553"/>
  <testcase classname="allPages.InstallerSetup" name="TC17" time="28.767"/>
  <testcase classname="allPages.InstallerSetup" name="TC18" time="23.167"/>
  <testcase classname="allPages.InstallerSetup" name="TC19" time="21.581"/>
  <testcase classname="allPages.InstallerSetup" name="TC20" time="21.839"/>
  <testcase classname="allPages.InstallerSetup" name="TC21" time="28.089"/>
  <testcase classname="allPages.InstallerSetup" name="TC22" time="23.724"/>
  <testcase classname="allPages.InstallerSetup" name="TC23" time="29.250"/>
  <testcase classname="allPages.InstallerSetup" name="TC25" time="23.404"/>
  <testcase classname="allPages.InstallerSetup" name="TC26" time="28.745"/>
  <testcase classname="allPages.InstallerSetup" name="TC26" time="80.572">
    <skipped/>
  </testcase> <!-- TC26 -->
  <testcase classname="allPages.InstallerSetup" name="TC27" time="79.724">
    <skipped/>
  </testcase> <!-- TC27 -->
  <testcase classname="allPages.InstallerSetup" name="TC27" time="27.179"/>
  <testcase classname="allPages.InstallerSetup" name="TC28" time="28.053"/>
  <testcase classname="allPages.InstallerSetup" name="TC29" time="32.819"/>
  <testcase classname="allPages.InstallerSetup" name="TC30" time="34.500"/>
  <testcase classname="allPages.InstallerSetup" name="TC31" time="27.139"/>
  <testcase classname="allPages.InstallerSetup" name="TC24">
    <skipped/>
  </testcase> <!-- TC24 -->
</testsuite> <!-- allPages.InstallerSetup -->
