<?xml version="1.0" encoding="UTF-8"?>
<!-- Generated by org.testng.reporters.JUnitReportReporter -->
<testsuite hostname="SSSLT025" failures="0" tests="46" name="allPages.AllReportModules" time="1337.995" errors="1" timestamp="2024-05-02T12:34:10 IST" skipped="4">
  <testcase classname="allPages.AllReportModules" name="TapeReportBtn" time="9.167"/>
  <testcase classname="allPages.AllReportModules" name="ActivityReport" time="10.868"/>
  <testcase classname="allPages.AllReportModules" name="InvoiceLog" time="10.094"/>
  <testcase classname="allPages.AllReportModules" name="OSReportBtn" time="10.967"/>
  <testcase classname="allPages.AllReportModules" name="ACHTransactionBtn" time="11.023"/>
  <testcase classname="allPages.AllReportModules" name="TC01" time="11.199"/>
  <testcase classname="allPages.AllReportModules" name="TC02" time="15.193"/>
  <testcase classname="allPages.AllReportModules" name="TC03" time="18.432"/>
  <testcase classname="allPages.AllReportModules" name="TC04" time="18.544"/>
  <testcase classname="allPages.AllReportModules" name="TC05" time="17.773"/>
  <testcase classname="allPages.AllReportModules" name="TC06" time="15.583"/>
  <testcase classname="allPages.AllReportModules" name="TC07" time="14.122"/>
  <testcase classname="allPages.AllReportModules" name="TC08" time="21.207"/>
  <testcase classname="allPages.AllReportModules" name="TC09" time="31.341"/>
  <testcase classname="allPages.AllReportModules" name="TC10" time="22.948"/>
  <testcase classname="allPages.AllReportModules" name="TC11" time="26.718"/>
  <testcase classname="allPages.AllReportModules" name="TC12" time="19.505"/>
  <testcase classname="allPages.AllReportModules" name="TC13" time="19.627"/>
  <testcase classname="allPages.AllReportModules" name="TC14" time="20.978"/>
  <testcase classname="allPages.AllReportModules" name="TC15" time="202.127">
    <skipped/>
  </testcase> <!-- TC15 -->
  <testcase classname="allPages.AllReportModules" name="TC15" time="19.240"/>
  <testcase classname="allPages.AllReportModules" name="TC16" time="17.617"/>
  <testcase classname="allPages.AllReportModules" name="TC18" time="23.075"/>
  <testcase classname="allPages.AllReportModules" name="TC19" time="16.376"/>
  <testcase classname="allPages.AllReportModules" name="TC20" time="13.286"/>
  <testcase classname="allPages.AllReportModules" name="TC21" time="9.588"/>
  <testcase classname="allPages.AllReportModules" name="TC22" time="11.846"/>
  <testcase classname="allPages.AllReportModules" name="TC23" time="11.654"/>
  <testcase classname="allPages.AllReportModules" name="TC24" time="11.612"/>
  <testcase classname="allPages.AllReportModules" name="TC25" time="15.515"/>
  <testcase classname="allPages.AllReportModules" name="TC26" time="15.860"/>
  <testcase classname="allPages.AllReportModules" name="TC27" time="13.430"/>
  <testcase classname="allPages.AllReportModules" name="TC28" time="10.183"/>
  <testcase classname="allPages.AllReportModules" name="TC29" time="14.281"/>
  <testcase classname="allPages.AllReportModules" name="TC31" time="13.566"/>
  <testcase classname="allPages.AllReportModules" name="TC32" time="13.359"/>
  <testcase classname="allPages.AllReportModules" name="TC33" time="13.448"/>
  <testcase classname="allPages.AllReportModules" name="TC34" time="14.705"/>
  <testcase classname="allPages.AllReportModules" name="TC34" time="189.580">
    <skipped/>
  </testcase> <!-- TC34 -->
  <testcase classname="allPages.AllReportModules" name="TC35" time="14.719"/>
  <testcase classname="allPages.AllReportModules" name="TC36" time="14.795"/>
  <testcase classname="allPages.AllReportModules" name="TC37" time="14.752"/>
  <testcase classname="allPages.AllReportModules" name="TC38" time="16.160"/>
  <testcase classname="allPages.AllReportModules" name="TC39" time="192.777">
    <skipped/>
  </testcase> <!-- TC39 -->
  <testcase classname="allPages.AllReportModules" name="TC39" time="109.155">
    <error message="Unable to find element with locator By.xpath: //*[@id=&quot;kt_content_container&quot;]/div/div[2]/div/div/table/tbody/tr[1]/td[10]/a
For documentation on this error, please visit: https://www.selenium.dev/documentation/webdriver/troubleshooting/errors#no-such-element-exception
Build info: version: &#039;4.18.1&#039;, revision: &#039;b1d3319b48&#039;
System info: os.name: &#039;Windows 11&#039;, os.arch: &#039;amd64&#039;, os.version: &#039;10.0&#039;, java.version: &#039;21.0.2&#039;
Driver info: driver.version: RemoteWebDriver" type="org.openqa.selenium.NoSuchElementException">
      <![CDATA[org.openqa.selenium.NoSuchElementException: Unable to find element with locator By.xpath: //*[@id="kt_content_container"]/div/div[2]/div/div/table/tbody/tr[1]/td[10]/a
For documentation on this error, please visit: https://www.selenium.dev/documentation/webdriver/troubleshooting/errors#no-such-element-exception
Build info: version: '4.18.1', revision: 'b1d3319b48'
System info: os.name: 'Windows 11', os.arch: 'amd64', os.version: '10.0', java.version: '21.0.2'
Driver info: driver.version: RemoteWebDriver
at org.openqa.selenium.remote.ElementLocation$ElementFinder$2.findElement(ElementLocation.java:168)
at org.openqa.selenium.remote.ElementLocation.findElement(ElementLocation.java:59)
at org.openqa.selenium.remote.RemoteWebDriver.findElement(RemoteWebDriver.java:356)
at org.openqa.selenium.remote.RemoteWebDriver.findElement(RemoteWebDriver.java:350)
at allPages.AllReportModules.TC39(AllReportModules.java:873)
at java.base/jdk.internal.reflect.DirectMethodHandleAccessor.invoke(DirectMethodHandleAccessor.java:103)
at java.base/java.lang.reflect.Method.invoke(Method.java:580)
at org.testng.internal.invokers.MethodInvocationHelper.invokeMethod(MethodInvocationHelper.java:139)
at org.testng.internal.invokers.TestInvoker.invokeMethod(TestInvoker.java:664)
at org.testng.internal.invokers.TestInvoker.retryFailed(TestInvoker.java:249)
at org.testng.internal.invokers.MethodRunner.runInSequence(MethodRunner.java:76)
at org.testng.internal.invokers.TestInvoker$MethodInvocationAgent.invoke(TestInvoker.java:961)
at org.testng.internal.invokers.TestInvoker.invokeTestMethods(TestInvoker.java:201)
at org.testng.internal.invokers.TestMethodWorker.invokeTestMethods(TestMethodWorker.java:148)
at org.testng.internal.invokers.TestMethodWorker.run(TestMethodWorker.java:128)
at java.base/java.util.ArrayList.forEach(ArrayList.java:1596)
at org.testng.TestRunner.privateRun(TestRunner.java:819)
at org.testng.TestRunner.run(TestRunner.java:619)
at org.testng.SuiteRunner.runTest(SuiteRunner.java:443)
at org.testng.SuiteRunner.runSequentially(SuiteRunner.java:437)
at org.testng.SuiteRunner.privateRun(SuiteRunner.java:397)
at org.testng.SuiteRunner.run(SuiteRunner.java:336)
at org.testng.SuiteRunnerWorker.runSuite(SuiteRunnerWorker.java:52)
at org.testng.SuiteRunnerWorker.run(SuiteRunnerWorker.java:95)
at org.testng.TestNG.runSuitesSequentially(TestNG.java:1301)
at org.testng.TestNG.runSuitesLocally(TestNG.java:1228)
at org.testng.TestNG.runSuites(TestNG.java:1134)
at org.testng.TestNG.run(TestNG.java:1101)
at org.testng.remote.AbstractRemoteTestNG.run(AbstractRemoteTestNG.java:115)
at org.testng.remote.RemoteTestNG.initAndRun(RemoteTestNG.java:251)
at org.testng.remote.RemoteTestNG.main(RemoteTestNG.java:77)
]]>
    </error>
  </testcase> <!-- TC39 -->
  <testcase classname="allPages.AllReportModules" name="TC30">
    <skipped/>
  </testcase> <!-- TC30 -->
</testsuite> <!-- allPages.AllReportModules -->
