<?xml version="1.0" encoding="UTF-8"?>
<!-- Generated by org.testng.reporters.JUnitReportReporter -->
<testsuite hostname="SSSLT025" failures="0" tests="1" name="allPages.AllReportModules" time="26.856" errors="0" timestamp="2024-05-22T17:52:49 IST" skipped="0">
  <testcase classname="allPages.AllReportModules" name="TC39" time="26.856"/>
</testsuite> <!-- allPages.AllReportModules -->
